<?xml version="1.0" encoding="UTF-8"?>
<!-- Generated by org.testng.reporters.JUnitReportReporter -->
<testsuite hostname="DESKTOP-A0PA6AD" failures="0" tests="1" name="scrips.test2" time="0.014" errors="0" timestamp="2022-12-22T18:43:48 IST" skipped="0">
  <testcase classname="scrips.test2" name="tc1" time="0.014"/>
  <system-out>
    <![CDATA[hello python]]>
  </system-out>
</testsuite> <!-- scrips.test2 -->
