<?xml version="1.0" encoding="UTF-8"?>
<!-- Generated by org.testng.reporters.JUnitReportReporter -->
<testsuite hostname="DESKTOP-A0PA6AD" failures="0" tests="1" name="scrips.test0" time="0.003" errors="0" timestamp="2022-12-22T18:43:48 IST" skipped="0">
  <testcase classname="scrips.test0" name="tc1" time="0.003"/>
  <system-out>
    <![CDATA[hello java]]>
  </system-out>
</testsuite> <!-- scrips.test0 -->
